[35m[1mConsolidate compiler generated dependencies of target wpr_simulation2__rosidl_generator_c[0m
[  1%] Built target wpr_simulation2__cpp
[  5%] Built target wpr_simulation2__rosidl_generator_c
[35m[1mConsolidate compiler generated dependencies of target wpb_home_mani_sim[0m
[  5%] Built target ament_cmake_python_copy_wpr_simulation2
[  7%] Built target wpb_home_mani_sim
[35m[1mConsolidate compiler generated dependencies of target keyboard_vel_cmd[0m
[35m[1mConsolidate compiler generated dependencies of target ball_random_move[0m
[ 10%] Built target keyboard_vel_cmd
[35m[1mConsolidate compiler generated dependencies of target 3_my_node[0m
[ 12%] Built target ball_random_move
[35m[1mConsolidate compiler generated dependencies of target 3_publisher_node[0m
[ 15%] Built target 3_my_node
[35m[1mConsolidate compiler generated dependencies of target 3_subscriber_node[0m
[ 17%] Built target 3_publisher_node
[35m[1mConsolidate compiler generated dependencies of target 4_velocity_command[0m
[ 20%] Built target 3_subscriber_node
[35m[1mConsolidate compiler generated dependencies of target 5_lidar_data[0m
[ 22%] Built target 4_velocity_command
[35m[1mConsolidate compiler generated dependencies of target 5_lidar_behavior[0m
[ 25%] Built target 5_lidar_data
[35m[1mConsolidate compiler generated dependencies of target 6_imu_data[0m
[ 27%] Built target 5_lidar_behavior
[ 30%] Built target 6_imu_data
[35m[1mConsolidate compiler generated dependencies of target 6_imu_behavior[0m
[35m[1mConsolidate compiler generated dependencies of target 8_waypoint_navigation[0m
[ 32%] Built target 6_imu_behavior
[ 35%] Built target 8_waypoint_navigation
[35m[1mConsolidate compiler generated dependencies of target 9_cv_image[0m
[35m[1mConsolidate compiler generated dependencies of target 9_cv_hsv[0m
[ 37%] Built target 9_cv_image
[35m[1mConsolidate compiler generated dependencies of target 9_cv_follow[0m
[ 40%] Built target 9_cv_hsv
[35m[1mConsolidate compiler generated dependencies of target 9_cv_face_detect[0m
[ 43%] Built target 9_cv_follow
[ 45%] Built target 9_cv_face_detect
[35m[1mConsolidate compiler generated dependencies of target 10_pc_data[0m
[35m[1mConsolidate compiler generated dependencies of target 10_pc_objects[0m
[ 48%] Built target 10_pc_data
[ 50%] Built target 10_pc_objects
[35m[1mConsolidate compiler generated dependencies of target 11_mani_ctrl[0m
[35m[1mConsolidate compiler generated dependencies of target 12_fetch[0m
[ 53%] Built target 11_mani_ctrl
[ 55%] Built target 12_fetch
[35m[1mConsolidate compiler generated dependencies of target demo_nav2_client[0m
[35m[1mConsolidate compiler generated dependencies of target wpr_simulation2__rosidl_typesupport_cpp[0m
[ 58%] Built target demo_nav2_client
[ 62%] Built target wpr_simulation2__rosidl_typesupport_cpp
[35m[1mConsolidate compiler generated dependencies of target wpr_simulation2__rosidl_typesupport_fastrtps_c[0m
[35m[1mConsolidate compiler generated dependencies of target wpr_simulation2__rosidl_typesupport_fastrtps_cpp[0m
[ 65%] Built target wpr_simulation2__rosidl_typesupport_fastrtps_c
[ 69%] Built target wpr_simulation2__rosidl_typesupport_fastrtps_cpp
[35m[1mConsolidate compiler generated dependencies of target wpr_simulation2__rosidl_typesupport_introspection_c[0m
[35m[1mConsolidate compiler generated dependencies of target wpr_simulation2__rosidl_typesupport_c[0m
[ 73%] Built target wpr_simulation2__rosidl_typesupport_c
[ 77%] Built target wpr_simulation2__rosidl_typesupport_introspection_c
[35m[1mConsolidate compiler generated dependencies of target wpr_simulation2__rosidl_typesupport_introspection_cpp[0m
[ 81%] Built target wpr_simulation2__rosidl_typesupport_introspection_cpp
[35m[1mConsolidate compiler generated dependencies of target objects_publisher[0m
[ 83%] Built target objects_publisher
[35m[1mConsolidate compiler generated dependencies of target grab_object_sim[0m
[ 86%] Built target grab_object_sim
[35m[1mConsolidate compiler generated dependencies of target 11_grab_object[0m
[ 88%] Built target 11_grab_object
[ 88%] Built target wpr_simulation2
[ 89%] Built target wpr_simulation2__py
[35m[1mConsolidate compiler generated dependencies of target wpr_simulation2__rosidl_generator_py[0m
[ 92%] Built target wpr_simulation2__rosidl_generator_py
[35m[1mConsolidate compiler generated dependencies of target wpr_simulation2__rosidl_typesupport_fastrtps_c__pyext[0m
[ 94%] Built target wpr_simulation2__rosidl_typesupport_fastrtps_c__pyext
[35m[1mConsolidate compiler generated dependencies of target wpr_simulation2__rosidl_typesupport_introspection_c__pyext[0m
[ 97%] Built target wpr_simulation2__rosidl_typesupport_introspection_c__pyext
running egg_info
writing wpr_simulation2.egg-info/PKG-INFO
writing dependency_links to wpr_simulation2.egg-info/dependency_links.txt
writing top-level names to wpr_simulation2.egg-info/top_level.txt
reading manifest file 'wpr_simulation2.egg-info/SOURCES.txt'
writing manifest file 'wpr_simulation2.egg-info/SOURCES.txt'
[35m[1mConsolidate compiler generated dependencies of target wpr_simulation2__rosidl_typesupport_c__pyext[0m
[100%] Built target wpr_simulation2__rosidl_typesupport_c__pyext
[100%] Built target ament_cmake_python_build_wpr_simulation2_egg
