[0.016s] Invoking command in '/home/luohaojie/ros2_ws/src/build/wpr_simulation2': CMAKE_PREFIX_PATH=${CMAKE_PREFIX_PATH}:/opt/ros/humble /usr/bin/cmake --build /home/luohaojie/ros2_ws/src/build/wpr_simulation2 -- -j2 -l2
[0.074s] [35m[1mConsolidate compiler generated dependencies of target wpr_simulation2__rosidl_generator_c[0m
[0.085s] [  1%] Built target wpr_simulation2__cpp
[0.087s] [  5%] Built target wpr_simulation2__rosidl_generator_c
[0.099s] [35m[1mConsolidate compiler generated dependencies of target wpb_home_mani_sim[0m
[0.108s] [  5%] Built target ament_cmake_python_copy_wpr_simulation2
[0.117s] [  7%] Built target wpb_home_mani_sim
[0.120s] [35m[1mConsolidate compiler generated dependencies of target keyboard_vel_cmd[0m
[0.130s] [35m[1mConsolidate compiler generated dependencies of target ball_random_move[0m
[0.135s] [ 10%] Built target keyboard_vel_cmd
[0.144s] [35m[1mConsolidate compiler generated dependencies of target 3_my_node[0m
[0.144s] [ 12%] Built target ball_random_move
[0.156s] [35m[1mConsolidate compiler generated dependencies of target 3_publisher_node[0m
[0.157s] [ 15%] Built target 3_my_node
[0.177s] [35m[1mConsolidate compiler generated dependencies of target 3_subscriber_node[0m
[0.181s] [ 17%] Built target 3_publisher_node
[0.190s] [35m[1mConsolidate compiler generated dependencies of target 4_velocity_command[0m
[0.192s] [ 20%] Built target 3_subscriber_node
[0.204s] [35m[1mConsolidate compiler generated dependencies of target 5_lidar_data[0m
[0.207s] [ 22%] Built target 4_velocity_command
[0.221s] [35m[1mConsolidate compiler generated dependencies of target 5_lidar_behavior[0m
[0.221s] [ 25%] Built target 5_lidar_data
[0.234s] [35m[1mConsolidate compiler generated dependencies of target 6_imu_data[0m
[0.235s] [ 27%] Built target 5_lidar_behavior
[0.245s] [ 30%] Built target 6_imu_data
[0.246s] [35m[1mConsolidate compiler generated dependencies of target 6_imu_behavior[0m
[0.256s] [35m[1mConsolidate compiler generated dependencies of target 8_waypoint_navigation[0m
[0.259s] [ 32%] Built target 6_imu_behavior
[0.268s] [ 35%] Built target 8_waypoint_navigation
[0.269s] [35m[1mConsolidate compiler generated dependencies of target 9_cv_image[0m
[0.278s] [35m[1mConsolidate compiler generated dependencies of target 9_cv_hsv[0m
[0.281s] [ 37%] Built target 9_cv_image
[0.290s] [35m[1mConsolidate compiler generated dependencies of target 9_cv_follow[0m
[0.291s] [ 40%] Built target 9_cv_hsv
[0.301s] [35m[1mConsolidate compiler generated dependencies of target 9_cv_face_detect[0m
[0.304s] [ 43%] Built target 9_cv_follow
[0.315s] [ 45%] Built target 9_cv_face_detect
[0.315s] [35m[1mConsolidate compiler generated dependencies of target 10_pc_data[0m
[0.324s] [35m[1mConsolidate compiler generated dependencies of target 10_pc_objects[0m
[0.336s] [ 48%] Built target 10_pc_data
[0.346s] [ 50%] Built target 10_pc_objects
[0.346s] [35m[1mConsolidate compiler generated dependencies of target 11_mani_ctrl[0m
[0.354s] [35m[1mConsolidate compiler generated dependencies of target 12_fetch[0m
[0.358s] [ 53%] Built target 11_mani_ctrl
[0.365s] [ 55%] Built target 12_fetch
[0.366s] [35m[1mConsolidate compiler generated dependencies of target demo_nav2_client[0m
[0.373s] [35m[1mConsolidate compiler generated dependencies of target wpr_simulation2__rosidl_typesupport_cpp[0m
[0.380s] [ 58%] Built target demo_nav2_client
[0.383s] [ 62%] Built target wpr_simulation2__rosidl_typesupport_cpp
[0.388s] [35m[1mConsolidate compiler generated dependencies of target wpr_simulation2__rosidl_typesupport_fastrtps_c[0m
[0.391s] [35m[1mConsolidate compiler generated dependencies of target wpr_simulation2__rosidl_typesupport_fastrtps_cpp[0m
[0.398s] [ 65%] Built target wpr_simulation2__rosidl_typesupport_fastrtps_c
[0.399s] [ 69%] Built target wpr_simulation2__rosidl_typesupport_fastrtps_cpp
[0.408s] [35m[1mConsolidate compiler generated dependencies of target wpr_simulation2__rosidl_typesupport_introspection_c[0m
[0.408s] [35m[1mConsolidate compiler generated dependencies of target wpr_simulation2__rosidl_typesupport_c[0m
[0.417s] [ 73%] Built target wpr_simulation2__rosidl_typesupport_c
[0.418s] [ 77%] Built target wpr_simulation2__rosidl_typesupport_introspection_c
[0.429s] [35m[1mConsolidate compiler generated dependencies of target wpr_simulation2__rosidl_typesupport_introspection_cpp[0m
[0.441s] [ 81%] Built target wpr_simulation2__rosidl_typesupport_introspection_cpp
[0.451s] [35m[1mConsolidate compiler generated dependencies of target objects_publisher[0m
[0.471s] [ 83%] Built target objects_publisher
[0.480s] [35m[1mConsolidate compiler generated dependencies of target grab_object_sim[0m
[0.496s] [ 86%] Built target grab_object_sim
[0.501s] [35m[1mConsolidate compiler generated dependencies of target 11_grab_object[0m
[0.513s] [ 88%] Built target 11_grab_object
[0.527s] [ 88%] Built target wpr_simulation2
[0.545s] [ 89%] Built target wpr_simulation2__py
[0.551s] [35m[1mConsolidate compiler generated dependencies of target wpr_simulation2__rosidl_generator_py[0m
[0.559s] [ 92%] Built target wpr_simulation2__rosidl_generator_py
[0.566s] [35m[1mConsolidate compiler generated dependencies of target wpr_simulation2__rosidl_typesupport_fastrtps_c__pyext[0m
[0.576s] [ 94%] Built target wpr_simulation2__rosidl_typesupport_fastrtps_c__pyext
[0.585s] [35m[1mConsolidate compiler generated dependencies of target wpr_simulation2__rosidl_typesupport_introspection_c__pyext[0m
[0.595s] [ 97%] Built target wpr_simulation2__rosidl_typesupport_introspection_c__pyext
[0.596s] running egg_info
[0.596s] writing wpr_simulation2.egg-info/PKG-INFO
[0.596s] writing dependency_links to wpr_simulation2.egg-info/dependency_links.txt
[0.597s] writing top-level names to wpr_simulation2.egg-info/top_level.txt
[0.598s] reading manifest file 'wpr_simulation2.egg-info/SOURCES.txt'
[0.599s] writing manifest file 'wpr_simulation2.egg-info/SOURCES.txt'
[0.600s] [35m[1mConsolidate compiler generated dependencies of target wpr_simulation2__rosidl_typesupport_c__pyext[0m
[0.609s] [100%] Built target wpr_simulation2__rosidl_typesupport_c__pyext
[0.617s] [100%] Built target ament_cmake_python_build_wpr_simulation2_egg
