[0.015s] Invoking command in '/home/luohaojie/ros2_ws/src/build/ssr_pkg': CMAKE_PREFIX_PATH=${CMAKE_PREFIX_PATH}:/opt/ros/humble /usr/bin/cmake /home/luohaojie/ros2_ws/src/ssr_pkg -DCMAKE_INSTALL_PREFIX=/home/luohaojie/ros2_ws/src/install/ssr_pkg
[0.031s] -- Found ament_cmake: 1.3.11 (/opt/ros/humble/share/ament_cmake/cmake)
[0.162s] -- Found Python3: /usr/bin/python3 (found version "3.10.12") found components: Interpreter 
[0.248s] -- Found rclcpp: 16.0.11 (/opt/ros/humble/share/rclcpp/cmake)
[0.288s] -- Found rosidl_generator_c: 3.1.6 (/opt/ros/humble/share/rosidl_generator_c/cmake)
[0.292s] -- Found rosidl_adapter: 3.1.6 (/opt/ros/humble/share/rosidl_adapter/cmake)
[0.301s] -- Found rosidl_generator_cpp: 3.1.6 (/opt/ros/humble/share/rosidl_generator_cpp/cmake)
[0.311s] -- Using all available rosidl_typesupport_c: rosidl_typesupport_fastrtps_c;rosidl_typesupport_introspection_c
[0.322s] -- Using all available rosidl_typesupport_cpp: rosidl_typesupport_fastrtps_cpp;rosidl_typesupport_introspection_cpp
[0.355s] -- Found rmw_implementation_cmake: 6.1.2 (/opt/ros/humble/share/rmw_implementation_cmake/cmake)
[0.357s] -- Found rmw_fastrtps_cpp: 6.2.7 (/opt/ros/humble/share/rmw_fastrtps_cpp/cmake)
[0.432s] -- Found OpenSSL: /usr/lib/x86_64-linux-gnu/libcrypto.so (found version "3.0.2")  
[0.488s] -- Found FastRTPS: /opt/ros/humble/include  
[0.534s] -- Using RMW implementation 'rmw_fastrtps_cpp' as default
[0.541s] -- Looking for pthread.h
[0.601s] -- Looking for pthread.h - found
[0.603s] -- Performing Test CMAKE_HAVE_LIBC_PTHREAD
[0.685s] -- Performing Test CMAKE_HAVE_LIBC_PTHREAD - Success
[0.685s] -- Found Threads: TRUE  
[0.739s] -- Found ament_lint_auto: 0.12.11 (/opt/ros/humble/share/ament_lint_auto/cmake)
[0.806s] -- Added test 'cppcheck' to perform static code analysis on C / C++ code
[0.806s] -- Configured cppcheck include dirs: 
[0.807s] -- Configured cppcheck exclude dirs and/or files: 
[0.809s] -- Added test 'lint_cmake' to check CMake code style
[0.811s] -- Added test 'uncrustify' to check C / C++ code style
[0.811s] -- Configured uncrustify additional arguments: 
[0.811s] -- Added test 'xmllint' to check XML markup files
[0.814s] -- Configuring done
[0.822s] -- Generating done
[0.826s] -- Build files have been written to: /home/luohaojie/ros2_ws/src/build/ssr_pkg
[0.838s] Invoked command in '/home/luohaojie/ros2_ws/src/build/ssr_pkg' returned '0': CMAKE_PREFIX_PATH=${CMAKE_PREFIX_PATH}:/opt/ros/humble /usr/bin/cmake /home/luohaojie/ros2_ws/src/ssr_pkg -DCMAKE_INSTALL_PREFIX=/home/luohaojie/ros2_ws/src/install/ssr_pkg
[0.840s] Invoking command in '/home/luohaojie/ros2_ws/src/build/ssr_pkg': CMAKE_PREFIX_PATH=${CMAKE_PREFIX_PATH}:/opt/ros/humble /usr/bin/cmake --build /home/luohaojie/ros2_ws/src/build/ssr_pkg -- -j2 -l2
[0.870s] Invoked command in '/home/luohaojie/ros2_ws/src/build/ssr_pkg' returned '0': CMAKE_PREFIX_PATH=${CMAKE_PREFIX_PATH}:/opt/ros/humble /usr/bin/cmake --build /home/luohaojie/ros2_ws/src/build/ssr_pkg -- -j2 -l2
[0.886s] Invoking command in '/home/luohaojie/ros2_ws/src/build/ssr_pkg': CMAKE_PREFIX_PATH=${CMAKE_PREFIX_PATH}:/opt/ros/humble /usr/bin/cmake --install /home/luohaojie/ros2_ws/src/build/ssr_pkg
[0.894s] -- Install configuration: ""
[0.894s] -- Installing: /home/luohaojie/ros2_ws/src/install/ssr_pkg/share/ament_index/resource_index/package_run_dependencies/ssr_pkg
[0.895s] -- Installing: /home/luohaojie/ros2_ws/src/install/ssr_pkg/share/ament_index/resource_index/parent_prefix_path/ssr_pkg
[0.895s] -- Installing: /home/luohaojie/ros2_ws/src/install/ssr_pkg/share/ssr_pkg/environment/ament_prefix_path.sh
[0.896s] -- Installing: /home/luohaojie/ros2_ws/src/install/ssr_pkg/share/ssr_pkg/environment/ament_prefix_path.dsv
[0.896s] -- Installing: /home/luohaojie/ros2_ws/src/install/ssr_pkg/share/ssr_pkg/environment/path.sh
[0.898s] -- Installing: /home/luohaojie/ros2_ws/src/install/ssr_pkg/share/ssr_pkg/environment/path.dsv
[0.898s] -- Installing: /home/luohaojie/ros2_ws/src/install/ssr_pkg/share/ssr_pkg/local_setup.bash
[0.899s] -- Installing: /home/luohaojie/ros2_ws/src/install/ssr_pkg/share/ssr_pkg/local_setup.sh
[0.905s] -- Installing: /home/luohaojie/ros2_ws/src/install/ssr_pkg/share/ssr_pkg/local_setup.zsh
[0.906s] -- Installing: /home/luohaojie/ros2_ws/src/install/ssr_pkg/share/ssr_pkg/local_setup.dsv
[0.906s] -- Installing: /home/luohaojie/ros2_ws/src/install/ssr_pkg/share/ssr_pkg/package.dsv
[0.906s] -- Installing: /home/luohaojie/ros2_ws/src/install/ssr_pkg/share/ament_index/resource_index/packages/ssr_pkg
[0.906s] -- Installing: /home/luohaojie/ros2_ws/src/install/ssr_pkg/share/ssr_pkg/cmake/ssr_pkgConfig.cmake
[0.906s] -- Installing: /home/luohaojie/ros2_ws/src/install/ssr_pkg/share/ssr_pkg/cmake/ssr_pkgConfig-version.cmake
[0.906s] -- Installing: /home/luohaojie/ros2_ws/src/install/ssr_pkg/share/ssr_pkg/package.xml
[0.906s] Invoked command in '/home/luohaojie/ros2_ws/src/build/ssr_pkg' returned '0': CMAKE_PREFIX_PATH=${CMAKE_PREFIX_PATH}:/opt/ros/humble /usr/bin/cmake --install /home/luohaojie/ros2_ws/src/build/ssr_pkg
