[0.015s] Invoking command in '/home/luohaojie/ros2_ws/src/build/ssr_pkg': /usr/bin/cmake /home/luohaojie/ros2_ws/src/ssr_pkg -DCATKIN_INSTALL_INTO_PREFIX_ROOT=0 -DCMAKE_INSTALL_PREFIX=/home/luohaojie/ros2_ws/src/install/ssr_pkg
[0.147s] -- The C compiler identification is GNU 11.4.0
[0.223s] -- The CXX compiler identification is GNU 11.4.0
[0.238s] -- Detecting C compiler ABI info
[0.305s] -- Detecting C compiler ABI info - done
[0.311s] -- Check for working C compiler: /usr/bin/cc - skipped
[0.312s] -- Detecting C compile features
[0.312s] -- Detecting C compile features - done
[0.314s] -- Detecting CXX compiler ABI info
[0.380s] -- Detecting CXX compiler ABI info - done
[0.388s] -- Check for working CXX compiler: /usr/bin/c++ - skipped
[0.389s] -- Detecting CXX compile features
[0.389s] -- Detecting CXX compile features - done
[0.400s] [31mCMake Error at CMakeLists.txt:10 (find_package):
[0.401s]   By not providing "Findcatkin.cmake" in CMAKE_MODULE_PATH this project has
[0.401s]   asked CMake to find a package configuration file provided by "catkin", but
[0.401s]   CMake did not find one.
[0.401s] 
[0.401s]   Could not find a package configuration file provided by "catkin" with any
[0.401s]   of the following names:
[0.401s] 
[0.401s]     catkinConfig.cmake
[0.401s]     catkin-config.cmake
[0.401s] 
[0.401s]   Add the installation prefix of "catkin" to CMAKE_PREFIX_PATH or set
[0.401s]   "catkin_DIR" to a directory containing one of the above files.  If "catkin"
[0.401s]   provides a separate development package or SDK, be sure it has been
[0.401s]   installed.
[0.401s] 
[0.401s] [0m
[0.401s] -- Configuring incomplete, errors occurred!
[0.401s] See also "/home/luohaojie/ros2_ws/src/build/ssr_pkg/CMakeFiles/CMakeOutput.log".
[0.404s] Invoked command in '/home/luohaojie/ros2_ws/src/build/ssr_pkg' returned '1': /usr/bin/cmake /home/luohaojie/ros2_ws/src/ssr_pkg -DCATKIN_INSTALL_INTO_PREFIX_ROOT=0 -DCMAKE_INSTALL_PREFIX=/home/luohaojie/ros2_ws/src/install/ssr_pkg
