[  1%] [34m[1mGenerating C code for ROS interfaces[0m
[  2%] [34m[1mGenerating C++ code for ROS interfaces[0m
[  2%] Built target wpr_simulation2__cpp
[  3%] [32mBuilding C object CMakeFiles/wpr_simulation2__rosidl_generator_c.dir/rosidl_generator_c/wpr_simulation2/msg/detail/object__functions.c.o[0m
[  3%] Built target ament_cmake_python_copy_wpr_simulation2
[  5%] [32mBuilding CXX object CMakeFiles/wpb_home_mani_sim.dir/src/wpb_home_mani_sim.cpp.o[0m
[  6%] [32m[1mLinking C shared library libwpr_simulation2__rosidl_generator_c.so[0m
[  6%] Built target wpr_simulation2__rosidl_generator_c
[  7%] [32mBuilding CXX object CMakeFiles/keyboard_vel_cmd.dir/src/keyboard_vel_cmd.cpp.o[0m
[  8%] [32m[1mLinking CXX executable keyboard_vel_cmd[0m
[  8%] Built target keyboard_vel_cmd
[ 10%] [32mBuilding CXX object CMakeFiles/ball_random_move.dir/src/ball_random_move.cpp.o[0m
[ 11%] [32m[1mLinking CXX executable ball_random_move[0m
[ 11%] Built target ball_random_move
[ 12%] [32mBuilding CXX object CMakeFiles/3_my_node.dir/demo_cpp/3_my_node.cpp.o[0m
[ 13%] [32m[1mLinking CXX executable wpb_home_mani_sim[0m
[ 13%] Built target wpb_home_mani_sim
[ 15%] [32mBuilding CXX object CMakeFiles/3_publisher_node.dir/demo_cpp/3_publisher_node.cpp.o[0m
[ 16%] [32m[1mLinking CXX executable 3_my_node[0m
[ 16%] Built target 3_my_node
[ 17%] [32mBuilding CXX object CMakeFiles/3_subscriber_node.dir/demo_cpp/3_subscriber_node.cpp.o[0m
[ 18%] [32m[1mLinking CXX executable 3_publisher_node[0m
[ 18%] Built target 3_publisher_node
[ 20%] [32mBuilding CXX object CMakeFiles/4_velocity_command.dir/demo_cpp/4_velocity_command.cpp.o[0m
[ 21%] [32m[1mLinking CXX executable 4_velocity_command[0m
[ 21%] Built target 4_velocity_command
[ 22%] [32mBuilding CXX object CMakeFiles/5_lidar_data.dir/demo_cpp/5_lidar_data.cpp.o[0m
[ 24%] [32m[1mLinking CXX executable 3_subscriber_node[0m
[ 24%] Built target 3_subscriber_node
[ 25%] [32mBuilding CXX object CMakeFiles/5_lidar_behavior.dir/demo_cpp/5_lidar_behavior.cpp.o[0m
[ 26%] [32m[1mLinking CXX executable 5_lidar_data[0m
[ 26%] Built target 5_lidar_data
[ 27%] [32mBuilding CXX object CMakeFiles/6_imu_data.dir/demo_cpp/6_imu_data.cpp.o[0m
[ 29%] [32m[1mLinking CXX executable 5_lidar_behavior[0m
[ 29%] Built target 5_lidar_behavior
[ 30%] [32mBuilding CXX object CMakeFiles/6_imu_behavior.dir/demo_cpp/6_imu_behavior.cpp.o[0m
[ 31%] [32m[1mLinking CXX executable 6_imu_data[0m
[ 31%] Built target 6_imu_data
[ 32%] [32mBuilding CXX object CMakeFiles/8_waypoint_navigation.dir/demo_cpp/8_waypoint_navigation.cpp.o[0m
[ 34%] [32m[1mLinking CXX executable 6_imu_behavior[0m
[ 34%] Built target 6_imu_behavior
[ 35%] [32mBuilding CXX object CMakeFiles/9_cv_image.dir/demo_cpp/9_cv_image.cpp.o[0m
[ 36%] [32m[1mLinking CXX executable 8_waypoint_navigation[0m
[ 36%] Built target 8_waypoint_navigation
[ 37%] [32mBuilding CXX object CMakeFiles/9_cv_hsv.dir/demo_cpp/9_cv_hsv.cpp.o[0m
[ 39%] [32m[1mLinking CXX executable 9_cv_image[0m
[ 39%] Built target 9_cv_image
[ 40%] [32mBuilding CXX object CMakeFiles/9_cv_follow.dir/demo_cpp/9_cv_follow.cpp.o[0m
[ 41%] [32m[1mLinking CXX executable 9_cv_hsv[0m
[ 41%] Built target 9_cv_hsv
[ 43%] [32mBuilding CXX object CMakeFiles/9_cv_face_detect.dir/demo_cpp/9_cv_face_detect.cpp.o[0m
[ 44%] [32m[1mLinking CXX executable 9_cv_follow[0m
[ 44%] Built target 9_cv_follow
[ 45%] [32mBuilding CXX object CMakeFiles/10_pc_data.dir/demo_cpp/10_pc_data.cpp.o[0m
[ 46%] [32m[1mLinking CXX executable 9_cv_face_detect[0m
[ 46%] Built target 9_cv_face_detect
[ 48%] [32mBuilding CXX object CMakeFiles/10_pc_objects.dir/demo_cpp/10_pc_objects.cpp.o[0m
[ 49%] [32m[1mLinking CXX executable 10_pc_data[0m
[ 49%] Built target 10_pc_data
[ 50%] [32mBuilding CXX object CMakeFiles/11_mani_ctrl.dir/demo_cpp/11_mani_ctrl.cpp.o[0m
[ 51%] [32m[1mLinking CXX executable 11_mani_ctrl[0m
[ 51%] Built target 11_mani_ctrl
[ 53%] [32mBuilding CXX object CMakeFiles/12_fetch.dir/demo_cpp/12_fetch.cpp.o[0m
[ 54%] [32m[1mLinking CXX executable 10_pc_objects[0m
[ 54%] Built target 10_pc_objects
[ 55%] [32mBuilding CXX object CMakeFiles/demo_nav2_client.dir/demo_cpp/demo_nav2_client.cpp.o[0m
[ 56%] [32m[1mLinking CXX executable 12_fetch[0m
[ 56%] Built target 12_fetch
[ 58%] [34m[1mGenerating C++ type support dispatch for ROS interfaces[0m
[ 59%] [32mBuilding CXX object CMakeFiles/wpr_simulation2__rosidl_typesupport_cpp.dir/rosidl_typesupport_cpp/wpr_simulation2/msg/object__type_support.cpp.o[0m
[ 60%] [32m[1mLinking CXX shared library libwpr_simulation2__rosidl_typesupport_cpp.so[0m
[ 60%] Built target wpr_simulation2__rosidl_typesupport_cpp
[ 62%] [34m[1mGenerating C type support for eProsima Fast-RTPS[0m
[ 63%] [32mBuilding CXX object CMakeFiles/wpr_simulation2__rosidl_typesupport_fastrtps_c.dir/rosidl_typesupport_fastrtps_c/wpr_simulation2/msg/detail/object__type_support_c.cpp.o[0m
[ 64%] [32m[1mLinking CXX shared library libwpr_simulation2__rosidl_typesupport_fastrtps_c.so[0m
[ 64%] Built target wpr_simulation2__rosidl_typesupport_fastrtps_c
[ 65%] [34m[1mGenerating C++ type support for eProsima Fast-RTPS[0m
[ 67%] [32mBuilding CXX object CMakeFiles/wpr_simulation2__rosidl_typesupport_fastrtps_cpp.dir/rosidl_typesupport_fastrtps_cpp/wpr_simulation2/msg/detail/dds_fastrtps/object__type_support.cpp.o[0m
[ 68%] [32m[1mLinking CXX shared library libwpr_simulation2__rosidl_typesupport_fastrtps_cpp.so[0m
[ 68%] Built target wpr_simulation2__rosidl_typesupport_fastrtps_cpp
[ 69%] [34m[1mGenerating C introspection for ROS interfaces[0m
[ 70%] [32mBuilding C object CMakeFiles/wpr_simulation2__rosidl_typesupport_introspection_c.dir/rosidl_typesupport_introspection_c/wpr_simulation2/msg/detail/object__type_support.c.o[0m
[ 72%] [32m[1mLinking C shared library libwpr_simulation2__rosidl_typesupport_introspection_c.so[0m
[ 72%] Built target wpr_simulation2__rosidl_typesupport_introspection_c
[ 73%] [34m[1mGenerating C type support dispatch for ROS interfaces[0m
[ 74%] [32m[1mLinking CXX executable demo_nav2_client[0m
[ 75%] [32mBuilding CXX object CMakeFiles/wpr_simulation2__rosidl_typesupport_c.dir/rosidl_typesupport_c/wpr_simulation2/msg/object__type_support.cpp.o[0m
[ 77%] [32m[1mLinking CXX shared library libwpr_simulation2__rosidl_typesupport_c.so[0m
[ 77%] Built target demo_nav2_client
[ 78%] [34m[1mGenerating C++ introspection for ROS interfaces[0m
[ 78%] Built target wpr_simulation2__rosidl_typesupport_c
[ 79%] [32mBuilding CXX object CMakeFiles/wpr_simulation2__rosidl_typesupport_introspection_cpp.dir/rosidl_typesupport_introspection_cpp/wpr_simulation2/msg/detail/object__type_support.cpp.o[0m
running egg_info
creating wpr_simulation2.egg-info
writing wpr_simulation2.egg-info/PKG-INFO
writing dependency_links to wpr_simulation2.egg-info/dependency_links.txt
writing top-level names to wpr_simulation2.egg-info/top_level.txt
writing manifest file 'wpr_simulation2.egg-info/SOURCES.txt'
reading manifest file 'wpr_simulation2.egg-info/SOURCES.txt'
writing manifest file 'wpr_simulation2.egg-info/SOURCES.txt'
[ 79%] Built target ament_cmake_python_build_wpr_simulation2_egg
[ 81%] [32mBuilding CXX object CMakeFiles/objects_publisher.dir/src/objects_publisher.cpp.o[0m
[ 82%] [32m[1mLinking CXX shared library libwpr_simulation2__rosidl_typesupport_introspection_cpp.so[0m
[ 82%] Built target wpr_simulation2__rosidl_typesupport_introspection_cpp
[ 83%] [32mBuilding CXX object CMakeFiles/grab_object_sim.dir/src/grab_object_sim.cpp.o[0m
[ 84%] [32m[1mLinking CXX executable grab_object_sim[0m
[ 84%] Built target grab_object_sim
[ 86%] [32mBuilding CXX object CMakeFiles/11_grab_object.dir/demo_cpp/11_grab_object.cpp.o[0m
[ 87%] [32m[1mLinking CXX executable objects_publisher[0m
[ 87%] Built target objects_publisher
[ 87%] Built target wpr_simulation2
[ 88%] [34m[1mGenerating Python code for ROS interfaces[0m
[ 88%] Built target wpr_simulation2__py
[ 89%] [32mBuilding C object CMakeFiles/wpr_simulation2__rosidl_generator_py.dir/rosidl_generator_py/wpr_simulation2/msg/_object_s.c.o[0m
[ 91%] [32m[1mLinking C shared library rosidl_generator_py/wpr_simulation2/libwpr_simulation2__rosidl_generator_py.so[0m
[ 91%] Built target wpr_simulation2__rosidl_generator_py
[ 92%] [32mBuilding C object CMakeFiles/wpr_simulation2__rosidl_typesupport_fastrtps_c__pyext.dir/rosidl_generator_py/wpr_simulation2/_wpr_simulation2_s.ep.rosidl_typesupport_fastrtps_c.c.o[0m
[ 93%] [32m[1mLinking C shared library rosidl_generator_py/wpr_simulation2/wpr_simulation2_s__rosidl_typesupport_fastrtps_c.cpython-310-x86_64-linux-gnu.so[0m
[ 93%] Built target wpr_simulation2__rosidl_typesupport_fastrtps_c__pyext
[ 94%] [32mBuilding C object CMakeFiles/wpr_simulation2__rosidl_typesupport_introspection_c__pyext.dir/rosidl_generator_py/wpr_simulation2/_wpr_simulation2_s.ep.rosidl_typesupport_introspection_c.c.o[0m
[ 96%] [32m[1mLinking C shared library rosidl_generator_py/wpr_simulation2/wpr_simulation2_s__rosidl_typesupport_introspection_c.cpython-310-x86_64-linux-gnu.so[0m
[ 96%] Built target wpr_simulation2__rosidl_typesupport_introspection_c__pyext
[ 97%] [32mBuilding C object CMakeFiles/wpr_simulation2__rosidl_typesupport_c__pyext.dir/rosidl_generator_py/wpr_simulation2/_wpr_simulation2_s.ep.rosidl_typesupport_c.c.o[0m
[ 98%] [32m[1mLinking C shared library rosidl_generator_py/wpr_simulation2/wpr_simulation2_s__rosidl_typesupport_c.cpython-310-x86_64-linux-gnu.so[0m
[ 98%] Built target wpr_simulation2__rosidl_typesupport_c__pyext
[100%] [32m[1mLinking CXX executable 11_grab_object[0m
[100%] Built target 11_grab_object
