[0.011s] Invoking command in '/home/luohaojie/ros2_ws/src/build/wpr_simulation2': CMAKE_PREFIX_PATH=${CMAKE_PREFIX_PATH}:/opt/ros/humble /usr/bin/cmake /home/luohaojie/ros2_ws/src/wpr_simulation2 -DCMAKE_INSTALL_PREFIX=/home/luohaojie/ros2_ws/src/install/wpr_simulation2
[0.135s] -- The C compiler identification is GNU 11.4.0
[0.213s] -- The CXX compiler identification is GNU 11.4.0
[0.232s] -- Detecting C compiler ABI info
[0.293s] -- Detecting C compiler ABI info - done
[0.300s] -- Check for working C compiler: /usr/bin/cc - skipped
[0.301s] -- Detecting C compile features
[0.302s] -- Detecting C compile features - done
[0.306s] -- Detecting CXX compiler ABI info
[0.372s] -- Detecting CXX compiler ABI info - done
[0.377s] -- Check for working CXX compiler: /usr/bin/c++ - skipped
[0.378s] -- Detecting CXX compile features
[0.378s] -- Detecting CXX compile features - done
[0.387s] -- Found ament_cmake: 1.3.11 (/opt/ros/humble/share/ament_cmake/cmake)
[0.527s] -- Found Python3: /usr/bin/python3 (found version "3.10.12") found components: Interpreter 
[0.622s] -- Found gazebo_ros_pkgs: 3.9.0 (/opt/ros/humble/share/gazebo_ros_pkgs/cmake)
[0.624s] -- Found geometry_msgs: 4.2.4 (/opt/ros/humble/share/geometry_msgs/cmake)
[0.672s] -- Found rosidl_generator_c: 3.1.6 (/opt/ros/humble/share/rosidl_generator_c/cmake)
[0.678s] -- Found rosidl_adapter: 3.1.6 (/opt/ros/humble/share/rosidl_adapter/cmake)
[0.688s] -- Found rosidl_generator_cpp: 3.1.6 (/opt/ros/humble/share/rosidl_generator_cpp/cmake)
[0.705s] -- Using all available rosidl_typesupport_c: rosidl_typesupport_fastrtps_c;rosidl_typesupport_introspection_c
[0.727s] -- Using all available rosidl_typesupport_cpp: rosidl_typesupport_fastrtps_cpp;rosidl_typesupport_introspection_cpp
[0.766s] -- Found nav_msgs: 4.2.4 (/opt/ros/humble/share/nav_msgs/cmake)
[0.789s] -- Found rclcpp: 16.0.11 (/opt/ros/humble/share/rclcpp/cmake)
[0.833s] -- Found rmw_implementation_cmake: 6.1.2 (/opt/ros/humble/share/rmw_implementation_cmake/cmake)
[0.837s] -- Found rmw_fastrtps_cpp: 6.2.7 (/opt/ros/humble/share/rmw_fastrtps_cpp/cmake)
[0.915s] -- Found OpenSSL: /usr/lib/x86_64-linux-gnu/libcrypto.so (found version "3.0.2")  
[0.937s] -- Found FastRTPS: /opt/ros/humble/include  
[0.964s] -- Using RMW implementation 'rmw_fastrtps_cpp' as default
[0.974s] -- Looking for pthread.h
[1.041s] -- Looking for pthread.h - found
[1.043s] -- Performing Test CMAKE_HAVE_LIBC_PTHREAD
[1.112s] -- Performing Test CMAKE_HAVE_LIBC_PTHREAD - Success
[1.113s] -- Found Threads: TRUE  
[1.161s] -- Found rclpy: 3.3.15 (/opt/ros/humble/share/rclpy/cmake)
[1.162s] -- Found rclcpp_action: 16.0.11 (/opt/ros/humble/share/rclcpp_action/cmake)
[1.200s] -- Found sensor_msgs: 4.2.4 (/opt/ros/humble/share/sensor_msgs/cmake)
[1.218s] -- Found tf2_geometry_msgs: 0.25.12 (/opt/ros/humble/share/tf2_geometry_msgs/cmake)
[1.235s] -- Found eigen3_cmake_module: 0.1.1 (/opt/ros/humble/share/eigen3_cmake_module/cmake)
[1.237s] -- Found Eigen3: TRUE (found version "3.4.0") 
[1.237s] -- Ensuring Eigen3 include directory is part of orocos-kdl CMake target
[1.314s] -- Found nav2_msgs: 1.1.18 (/opt/ros/humble/share/nav2_msgs/cmake)
[1.343s] -- Found cv_bridge: 3.2.1 (/opt/ros/humble/share/cv_bridge/cmake)
[1.353s] -- Found image_transport: 3.1.10 (/opt/ros/humble/share/image_transport/cmake)
[1.374s] -- Found OpenCV: /usr (found version "4.5.4") 
[1.375s] -- Found pcl_conversions: 2.4.5 (/opt/ros/humble/share/pcl_conversions/cmake)
[1.403s] -- Checking for module 'eigen3'
[1.412s] --   Found eigen3, version 3.4.0
[1.443s] -- Found Eigen: /usr/include/eigen3 (Required is at least version "3.1") 
[1.443s] -- Eigen found (include: /usr/include/eigen3, version: 3.4.0)
[1.477s] -- Checking for module 'flann'
[1.487s] --   Found flann, version 1.9.1
[1.514s] -- Found FLANN: /usr/lib/x86_64-linux-gnu/libflann_cpp.so  
[1.514s] -- FLANN found (include: /usr/include, lib: /usr/lib/x86_64-linux-gnu/libflann_cpp.so)
[2.333s] -- Checking for module 'libusb-1.0'
[2.344s] --   Found libusb-1.0, version 1.0.25
[2.367s] -- Found libusb: /usr/lib/x86_64-linux-gnu/libusb-1.0.so  
[2.369s] -- OpenNI found (version: 1.5.4.0, include: /usr/include/ni, lib: /usr/lib/libOpenNI.so;libusb::libusb)
[2.411s] -- OpenNI2 found (version: 2.2.0.33, include: /usr/include/openni2, lib: /usr/lib/x86_64-linux-gnu/libOpenNI2.so;libusb::libusb)
[2.536s] -- Eigen found (include: /usr/include/eigen3, version: 3.4.0)
[2.548s] -- OpenNI found (version: 1.5.4.0, include: /usr/include/ni, lib: /usr/lib/libOpenNI.so;libusb::libusb)
[2.552s] -- OpenNI2 found (version: 2.2.0.33, include: /usr/include/openni2, lib: /usr/lib/x86_64-linux-gnu/libOpenNI2.so;libusb::libusb)
[2.681s] -- Found Qhull version 8.0.2
[2.809s] -- OpenNI found (version: 1.5.4.0, include: /usr/include/ni, lib: /usr/lib/libOpenNI.so;libusb::libusb)
[2.938s] -- Found PCL_COMMON: /usr/lib/x86_64-linux-gnu/libpcl_common.so  
[2.938s] -- Found PCL_KDTREE: /usr/lib/x86_64-linux-gnu/libpcl_kdtree.so  
[2.939s] -- Found PCL_OCTREE: /usr/lib/x86_64-linux-gnu/libpcl_octree.so  
[2.945s] -- Found PCL_SEARCH: /usr/lib/x86_64-linux-gnu/libpcl_search.so  
[2.947s] -- Found PCL_SAMPLE_CONSENSUS: /usr/lib/x86_64-linux-gnu/libpcl_sample_consensus.so  
[2.948s] -- Found PCL_FILTERS: /usr/lib/x86_64-linux-gnu/libpcl_filters.so  
[2.951s] -- Found PCL_2D: /usr/include/pcl-1.12  
[2.951s] -- Found PCL_GEOMETRY: /usr/include/pcl-1.12  
[2.955s] -- Found PCL_IO: /usr/lib/x86_64-linux-gnu/libpcl_io.so  
[2.955s] -- Found PCL_FEATURES: /usr/lib/x86_64-linux-gnu/libpcl_features.so  
[2.955s] -- Found PCL_ML: /usr/lib/x86_64-linux-gnu/libpcl_ml.so  
[2.955s] -- Found PCL_SEGMENTATION: /usr/lib/x86_64-linux-gnu/libpcl_segmentation.so  
[2.955s] -- Found PCL_VISUALIZATION: /usr/lib/x86_64-linux-gnu/libpcl_visualization.so  
[2.956s] -- Found PCL_SURFACE: /usr/lib/x86_64-linux-gnu/libpcl_surface.so  
[2.956s] -- Found PCL_REGISTRATION: /usr/lib/x86_64-linux-gnu/libpcl_registration.so  
[2.957s] -- Found PCL_KEYPOINTS: /usr/lib/x86_64-linux-gnu/libpcl_keypoints.so  
[2.957s] -- Found PCL_TRACKING: /usr/lib/x86_64-linux-gnu/libpcl_tracking.so  
[2.958s] -- Found PCL_RECOGNITION: /usr/lib/x86_64-linux-gnu/libpcl_recognition.so  
[2.959s] -- Found PCL_STEREO: /usr/lib/x86_64-linux-gnu/libpcl_stereo.so  
[2.959s] -- Found PCL_APPS: /usr/lib/x86_64-linux-gnu/libpcl_apps.so  
[2.960s] -- Found PCL_IN_HAND_SCANNER: /usr/include/pcl-1.12  
[2.960s] -- Found PCL_MODELER: /usr/include/pcl-1.12  
[2.960s] -- Found PCL_POINT_CLOUD_EDITOR: /usr/include/pcl-1.12  
[2.961s] -- Found PCL_OUTOFCORE: /usr/lib/x86_64-linux-gnu/libpcl_outofcore.so  
[2.962s] -- Found PCL_PEOPLE: /usr/lib/x86_64-linux-gnu/libpcl_people.so  
[2.966s] -- Found pcl_ros: 2.4.5 (/opt/ros/humble/share/pcl_ros/cmake)
[2.977s] -- Found visualization_msgs: 4.2.4 (/opt/ros/humble/share/visualization_msgs/cmake)
[3.001s] -- Found rosidl_default_generators: 1.2.0 (/opt/ros/humble/share/rosidl_default_generators/cmake)
[3.244s] -- Found ament_cmake_ros: 0.10.0 (/opt/ros/humble/share/ament_cmake_ros/cmake)
[3.547s] -- Using all available rosidl_typesupport_c: rosidl_typesupport_fastrtps_c;rosidl_typesupport_introspection_c
[3.676s] -- Using all available rosidl_typesupport_cpp: rosidl_typesupport_fastrtps_cpp;rosidl_typesupport_introspection_cpp
[3.692s] -- Found PythonInterp: /usr/bin/python3 (found suitable version "3.10.12", minimum required is "3.6") 
[3.696s] -- Found python_cmake_module: 0.10.0 (/opt/ros/humble/share/python_cmake_module/cmake)
[3.720s] -- Found PythonLibs: /usr/lib/x86_64-linux-gnu/libpython3.10.so (found suitable version "3.10.12", minimum required is "3.5") 
[3.720s] -- Using PYTHON_EXECUTABLE: /usr/bin/python3
[3.720s] -- Using PYTHON_INCLUDE_DIRS: /usr/include/python3.10
[3.720s] -- Using PYTHON_LIBRARIES: /usr/lib/x86_64-linux-gnu/libpython3.10.so
[3.736s] -- Found PythonExtra: .so  
[3.808s] -- Found ament_lint_auto: 0.12.11 (/opt/ros/humble/share/ament_lint_auto/cmake)
[3.847s] -- Added test 'cppcheck' to perform static code analysis on C / C++ code
[3.848s] -- Configured cppcheck include dirs: /home/luohaojie/ros2_ws/src/wpr_simulation2/include
[3.848s] -- Configured cppcheck exclude dirs and/or files: 
[3.850s] -- Added test 'flake8' to check Python code syntax and style conventions
[3.852s] -- Added test 'lint_cmake' to check CMake code style
[3.853s] -- Added test 'pep257' to check Python code against some of the docstring style conventions in PEP 257
[3.858s] -- Added test 'uncrustify' to check C / C++ code style
[3.858s] -- Configured uncrustify additional arguments: 
[3.859s] -- Added test 'xmllint' to check XML markup files
[3.861s] -- Configuring done
[4.107s] -- Generating done
[4.175s] -- Build files have been written to: /home/luohaojie/ros2_ws/src/build/wpr_simulation2
