[0.018s] Invoking command in '/home/luohaojie/ros2_ws/src/build/ssr_pkg': /usr/bin/cmake /home/luohaojie/ros2_ws/src/ssr_pkg -DCATKIN_INSTALL_INTO_PREFIX_ROOT=0 -DCATKIN_SYMLINK_INSTALL=ON -DCMAKE_INSTALL_PREFIX=/home/luohaojie/ros2_ws/src/install/ssr_pkg
[0.040s] [31mCMake Error at CMakeLists.txt:10 (find_package):
[0.040s]   By not providing "Findcatkin.cmake" in CMAKE_MODULE_PATH this project has
[0.040s]   asked CMake to find a package configuration file provided by "catkin", but
[0.040s]   CMake did not find one.
[0.040s] 
[0.040s]   Could not find a package configuration file provided by "catkin" with any
[0.040s]   of the following names:
[0.041s] 
[0.041s]     catkinConfig.cmake
[0.041s] -- Configuring incomplete, errors occurred!
[0.041s] See also "/home/luohaojie/ros2_ws/src/build/ssr_pkg/CMakeFiles/CMakeOutput.log".
[0.041s]     catkin-config.cmake
[0.041s] 
[0.041s]   Add the installation prefix of "catkin" to CMAKE_PREFIX_PATH or set
[0.041s]   "catkin_DIR" to a directory containing one of the above files.  If "catkin"
[0.041s]   provides a separate development package or SDK, be sure it has been
[0.041s]   installed.
[0.041s] 
[0.041s] [0m
[0.044s] Invoked command in '/home/luohaojie/ros2_ws/src/build/ssr_pkg' returned '1': /usr/bin/cmake /home/luohaojie/ros2_ws/src/ssr_pkg -DCATKIN_INSTALL_INTO_PREFIX_ROOT=0 -DCATKIN_SYMLINK_INSTALL=ON -DCMAKE_INSTALL_PREFIX=/home/luohaojie/ros2_ws/src/install/ssr_pkg
